<?xml version="1.0" encoding="UTF-8"?>
<testng-results skipped="0" failed="0" total="1" passed="1">
  <reporter-output>
  </reporter-output>
  <suite name="Default suite" duration-ms="20629" started-at="2017-07-29T10:11:23Z" finished-at="2017-07-29T10:11:44Z">
    <groups>
    </groups>
    <test name="Default test" duration-ms="20629" started-at="2017-07-29T10:11:23Z" finished-at="2017-07-29T10:11:44Z">
      <class name="demo_20140919.Appium_demo">
        <test-method status="PASS" signature="beforeTest()[pri:0, instance:demo_20140919.Appium_demo@3bfdc050]" name="beforeTest" is-config="true" duration-ms="15454" started-at="2017-07-29T17:11:23Z" finished-at="2017-07-29T17:11:39Z">
          <reporter-output>
          </reporter-output>
        </test-method> <!-- beforeTest -->
        <test-method status="PASS" signature="f()[pri:0, instance:demo_20140919.Appium_demo@3bfdc050]" name="f" duration-ms="2576" started-at="2017-07-29T17:11:39Z" finished-at="2017-07-29T17:11:41Z">
          <reporter-output>
          </reporter-output>
        </test-method> <!-- f -->
        <test-method status="PASS" signature="afterTest()[pri:0, instance:demo_20140919.Appium_demo@3bfdc050]" name="afterTest" is-config="true" duration-ms="2567" started-at="2017-07-29T17:11:41Z" finished-at="2017-07-29T17:11:44Z">
          <reporter-output>
          </reporter-output>
        </test-method> <!-- afterTest -->
      </class> <!-- demo_20140919.Appium_demo -->
    </test> <!-- Default test -->
  </suite> <!-- Default suite -->
</testng-results>
